Using /root/DevOps/Day3/Playbooks/ansible.cfg as config file
Loaded callback default of type stdout, v2.0
1 plays in ping.yml

PLAY [This play will demonstrate the use of ping module] ***********************

TASK [setup] *******************************************************************
<localhost> ESTABLISH SSH CONNECTION FOR USER: root
<localhost> SSH: ansible.cfg set ssh_args: (-o)(ControlMaster=auto)(-o)(ControlPersist=60s)
<localhost> SSH: ANSIBLE_REMOTE_PORT/remote_port/ansible_port set: (-o)(Port=2002)
<localhost> SSH: ANSIBLE_PRIVATE_KEY_FILE/private_key_file/ansible_ssh_private_key_file set: (-o)(IdentityFile="/root/.ssh/id_rsa")
<localhost> SSH: ansible_password/ansible_ssh_pass not set: (-o)(KbdInteractiveAuthentication=no)(-o)(PreferredAuthentications=gssapi-with-mic,gssapi-keyex,hostbased,publickey)(-o)(PasswordAuthentication=no)
<localhost> SSH: ANSIBLE_REMOTE_USER/remote_user/ansible_user/user/-u set: (-o)(User=root)
<localhost> SSH: ANSIBLE_TIMEOUT/timeout set: (-o)(ConnectTimeout=10)
<localhost> SSH: PlayContext set ssh_common_args: ()
<localhost> SSH: PlayContext set ssh_extra_args: ()
<localhost> SSH: found only ControlPersist; added ControlPath: (-o)(ControlPath=/root/.ansible/cp/ansible-ssh-%h-%p-%r)
<localhost> SSH: EXEC ssh -C -vvv -o ControlMaster=auto -o ControlPersist=60s -o Port=2002 -o 'IdentityFile="/root/.ssh/id_rsa"' -o KbdInteractiveAuthentication=no -o PreferredAuthentications=gssapi-with-mic,gssapi-keyex,hostbased,publickey -o PasswordAuthentication=no -o User=root -o ConnectTimeout=10 -o ControlPath=/root/.ansible/cp/ansible-ssh-%h-%p-%r -tt localhost 'mkdir -p "$( echo $HOME/.ansible/tmp/ansible-tmp-1530183936.89-104670532370372 )" && echo "$( echo $HOME/.ansible/tmp/ansible-tmp-1530183936.89-104670532370372 )"'
<localhost> ESTABLISH SSH CONNECTION FOR USER: root
<localhost> SSH: ansible.cfg set ssh_args: (-o)(ControlMaster=auto)(-o)(ControlPersist=60s)
<localhost> SSH: ANSIBLE_REMOTE_PORT/remote_port/ansible_port set: (-o)(Port=2000)
<localhost> SSH: ANSIBLE_PRIVATE_KEY_FILE/private_key_file/ansible_ssh_private_key_file set: (-o)(IdentityFile="/root/.ssh/id_rsa")
<localhost> SSH: ansible_password/ansible_ssh_pass not set: (-o)(KbdInteractiveAuthentication=no)(-o)(PreferredAuthentications=gssapi-with-mic,gssapi-keyex,hostbased,publickey)(-o)(PasswordAuthentication=no)
<localhost> SSH: ANSIBLE_REMOTE_USER/remote_user/ansible_user/user/-u set: (-o)(User=root)
<localhost> SSH: ANSIBLE_TIMEOUT/timeout set: (-o)(ConnectTimeout=10)
<localhost> SSH: PlayContext set ssh_common_args: ()
<localhost> SSH: PlayContext set ssh_extra_args: ()
<localhost> ESTABLISH SSH CONNECTION FOR USER: root
<localhost> SSH: ansible.cfg set ssh_args: (-o)(ControlMaster=auto)(-o)(ControlPersist=60s)
<localhost> SSH: ANSIBLE_REMOTE_PORT/remote_port/ansible_port set: (-o)(Port=2003)
<localhost> SSH: found only ControlPersist; added ControlPath: (-o)(ControlPath=/root/.ansible/cp/ansible-ssh-%h-%p-%r)
<localhost> SSH: ANSIBLE_PRIVATE_KEY_FILE/private_key_file/ansible_ssh_private_key_file set: (-o)(IdentityFile="/root/.ssh/id_rsa")
<localhost> SSH: ansible_password/ansible_ssh_pass not set: (-o)(KbdInteractiveAuthentication=no)(-o)(PreferredAuthentications=gssapi-with-mic,gssapi-keyex,hostbased,publickey)(-o)(PasswordAuthentication=no)
<localhost> SSH: ANSIBLE_REMOTE_USER/remote_user/ansible_user/user/-u set: (-o)(User=root)
<localhost> SSH: ANSIBLE_TIMEOUT/timeout set: (-o)(ConnectTimeout=10)
<localhost> SSH: EXEC ssh -C -vvv -o ControlMaster=auto -o ControlPersist=60s -o Port=2000 -o 'IdentityFile="/root/.ssh/id_rsa"' -o KbdInteractiveAuthentication=no -o PreferredAuthentications=gssapi-with-mic,gssapi-keyex,hostbased,publickey -o PasswordAuthentication=no -o User=root -o ConnectTimeout=10 -o ControlPath=/root/.ansible/cp/ansible-ssh-%h-%p-%r -tt localhost 'mkdir -p "$( echo $HOME/.ansible/tmp/ansible-tmp-1530183936.89-205734399727172 )" && echo "$( echo $HOME/.ansible/tmp/ansible-tmp-1530183936.89-205734399727172 )"'
<localhost> SSH: PlayContext set ssh_common_args: ()
<localhost> SSH: PlayContext set ssh_extra_args: ()
<localhost> SSH: found only ControlPersist; added ControlPath: (-o)(ControlPath=/root/.ansible/cp/ansible-ssh-%h-%p-%r)
<localhost> SSH: EXEC ssh -C -vvv -o ControlMaster=auto -o ControlPersist=60s -o Port=2003 -o 'IdentityFile="/root/.ssh/id_rsa"' -o KbdInteractiveAuthentication=no -o PreferredAuthentications=gssapi-with-mic,gssapi-keyex,hostbased,publickey -o PasswordAuthentication=no -o User=root -o ConnectTimeout=10 -o ControlPath=/root/.ansible/cp/ansible-ssh-%h-%p-%r -tt localhost 'mkdir -p "$( echo $HOME/.ansible/tmp/ansible-tmp-1530183936.89-134261982462064 )" && echo "$( echo $HOME/.ansible/tmp/ansible-tmp-1530183936.89-134261982462064 )"'
<localhost> ESTABLISH SSH CONNECTION FOR USER: root
<localhost> SSH: ansible.cfg set ssh_args: (-o)(ControlMaster=auto)(-o)(ControlPersist=60s)
<localhost> SSH: ANSIBLE_REMOTE_PORT/remote_port/ansible_port set: (-o)(Port=2001)
<localhost> SSH: ANSIBLE_PRIVATE_KEY_FILE/private_key_file/ansible_ssh_private_key_file set: (-o)(IdentityFile="/root/.ssh/id_rsa")
<localhost> SSH: ansible_password/ansible_ssh_pass not set: (-o)(KbdInteractiveAuthentication=no)(-o)(PreferredAuthentications=gssapi-with-mic,gssapi-keyex,hostbased,publickey)(-o)(PasswordAuthentication=no)
<localhost> SSH: ANSIBLE_REMOTE_USER/remote_user/ansible_user/user/-u set: (-o)(User=root)
<localhost> SSH: ANSIBLE_TIMEOUT/timeout set: (-o)(ConnectTimeout=10)
<localhost> SSH: PlayContext set ssh_common_args: ()
<localhost> SSH: PlayContext set ssh_extra_args: ()
<localhost> SSH: found only ControlPersist; added ControlPath: (-o)(ControlPath=/root/.ansible/cp/ansible-ssh-%h-%p-%r)
<localhost> SSH: EXEC ssh -C -vvv -o ControlMaster=auto -o ControlPersist=60s -o Port=2001 -o 'IdentityFile="/root/.ssh/id_rsa"' -o KbdInteractiveAuthentication=no -o PreferredAuthentications=gssapi-with-mic,gssapi-keyex,hostbased,publickey -o PasswordAuthentication=no -o User=root -o ConnectTimeout=10 -o ControlPath=/root/.ansible/cp/ansible-ssh-%h-%p-%r -tt localhost 'mkdir -p "$( echo $HOME/.ansible/tmp/ansible-tmp-1530183936.9-187229718275007 )" && echo "$( echo $HOME/.ansible/tmp/ansible-tmp-1530183936.9-187229718275007 )"'
<localhost> PUT /tmp/tmpZYQo0b TO /root/.ansible/tmp/ansible-tmp-1530183936.89-104670532370372/setup
<localhost> SSH: ansible.cfg set ssh_args: (-o)(ControlMaster=auto)(-o)(ControlPersist=60s)
<localhost> SSH: ANSIBLE_REMOTE_PORT/remote_port/ansible_port set: (-o)(Port=2002)
<localhost> SSH: ANSIBLE_PRIVATE_KEY_FILE/private_key_file/ansible_ssh_private_key_file set: (-o)(IdentityFile="/root/.ssh/id_rsa")
<localhost> SSH: ansible_password/ansible_ssh_pass not set: (-o)(KbdInteractiveAuthentication=no)(-o)(PreferredAuthentications=gssapi-with-mic,gssapi-keyex,hostbased,publickey)(-o)(PasswordAuthentication=no)
<localhost> SSH: ANSIBLE_REMOTE_USER/remote_user/ansible_user/user/-u set: (-o)(User=root)
<localhost> SSH: ANSIBLE_TIMEOUT/timeout set: (-o)(ConnectTimeout=10)
<localhost> SSH: PlayContext set ssh_common_args: ()
<localhost> SSH: PlayContext set scp_extra_args: ()
<localhost> SSH: found only ControlPersist; added ControlPath: (-o)(ControlPath=/root/.ansible/cp/ansible-ssh-%h-%p-%r)
<localhost> SSH: EXEC scp -C -vvv -o ControlMaster=auto -o ControlPersist=60s -o Port=2002 -o 'IdentityFile="/root/.ssh/id_rsa"' -o KbdInteractiveAuthentication=no -o PreferredAuthentications=gssapi-with-mic,gssapi-keyex,hostbased,publickey -o PasswordAuthentication=no -o User=root -o ConnectTimeout=10 -o ControlPath=/root/.ansible/cp/ansible-ssh-%h-%p-%r /tmp/tmpZYQo0b '[localhost]:/root/.ansible/tmp/ansible-tmp-1530183936.89-104670532370372/setup'
<localhost> PUT /tmp/tmpLd9S1g TO /root/.ansible/tmp/ansible-tmp-1530183936.89-134261982462064/setup
<localhost> SSH: ansible.cfg set ssh_args: (-o)(ControlMaster=auto)(-o)(ControlPersist=60s)
<localhost> SSH: ANSIBLE_REMOTE_PORT/remote_port/ansible_port set: (-o)(Port=2003)
<localhost> SSH: ANSIBLE_PRIVATE_KEY_FILE/private_key_file/ansible_ssh_private_key_file set: (-o)(IdentityFile="/root/.ssh/id_rsa")
<localhost> SSH: ansible_password/ansible_ssh_pass not set: (-o)(KbdInteractiveAuthentication=no)(-o)(PreferredAuthentications=gssapi-with-mic,gssapi-keyex,hostbased,publickey)(-o)(PasswordAuthentication=no)
<localhost> SSH: ANSIBLE_REMOTE_USER/remote_user/ansible_user/user/-u set: (-o)(User=root)
<localhost> SSH: ANSIBLE_TIMEOUT/timeout set: (-o)(ConnectTimeout=10)
<localhost> SSH: PlayContext set ssh_common_args: ()
<localhost> SSH: PlayContext set scp_extra_args: ()
<localhost> SSH: found only ControlPersist; added ControlPath: (-o)(ControlPath=/root/.ansible/cp/ansible-ssh-%h-%p-%r)
<localhost> PUT /tmp/tmp2COBmj TO /root/.ansible/tmp/ansible-tmp-1530183936.89-205734399727172/setup
<localhost> SSH: EXEC scp -C -vvv -o ControlMaster=auto -o ControlPersist=60s -o Port=2003 -o 'IdentityFile="/root/.ssh/id_rsa"' -o KbdInteractiveAuthentication=no -o PreferredAuthentications=gssapi-with-mic,gssapi-keyex,hostbased,publickey -o PasswordAuthentication=no -o User=root -o ConnectTimeout=10 -o ControlPath=/root/.ansible/cp/ansible-ssh-%h-%p-%r /tmp/tmpLd9S1g '[localhost]:/root/.ansible/tmp/ansible-tmp-1530183936.89-134261982462064/setup'
<localhost> SSH: ansible.cfg set ssh_args: (-o)(ControlMaster=auto)(-o)(ControlPersist=60s)
<localhost> SSH: ANSIBLE_REMOTE_PORT/remote_port/ansible_port set: (-o)(Port=2000)
<localhost> SSH: ANSIBLE_PRIVATE_KEY_FILE/private_key_file/ansible_ssh_private_key_file set: (-o)(IdentityFile="/root/.ssh/id_rsa")
<localhost> SSH: ansible_password/ansible_ssh_pass not set: (-o)(KbdInteractiveAuthentication=no)(-o)(PreferredAuthentications=gssapi-with-mic,gssapi-keyex,hostbased,publickey)(-o)(PasswordAuthentication=no)
<localhost> SSH: ANSIBLE_REMOTE_USER/remote_user/ansible_user/user/-u set: (-o)(User=root)
<localhost> SSH: ANSIBLE_TIMEOUT/timeout set: (-o)(ConnectTimeout=10)
<localhost> SSH: PlayContext set ssh_common_args: ()
<localhost> SSH: PlayContext set scp_extra_args: ()
<localhost> SSH: found only ControlPersist; added ControlPath: (-o)(ControlPath=/root/.ansible/cp/ansible-ssh-%h-%p-%r)
<localhost> SSH: EXEC scp -C -vvv -o ControlMaster=auto -o ControlPersist=60s -o Port=2000 -o 'IdentityFile="/root/.ssh/id_rsa"' -o KbdInteractiveAuthentication=no -o PreferredAuthentications=gssapi-with-mic,gssapi-keyex,hostbased,publickey -o PasswordAuthentication=no -o User=root -o ConnectTimeout=10 -o ControlPath=/root/.ansible/cp/ansible-ssh-%h-%p-%r /tmp/tmp2COBmj '[localhost]:/root/.ansible/tmp/ansible-tmp-1530183936.89-205734399727172/setup'
<localhost> PUT /tmp/tmp4dWIzc TO /root/.ansible/tmp/ansible-tmp-1530183936.9-187229718275007/setup
<localhost> SSH: ansible.cfg set ssh_args: (-o)(ControlMaster=auto)(-o)(ControlPersist=60s)
<localhost> SSH: ANSIBLE_REMOTE_PORT/remote_port/ansible_port set: (-o)(Port=2001)
<localhost> SSH: ANSIBLE_PRIVATE_KEY_FILE/private_key_file/ansible_ssh_private_key_file set: (-o)(IdentityFile="/root/.ssh/id_rsa")
<localhost> SSH: ansible_password/ansible_ssh_pass not set: (-o)(KbdInteractiveAuthentication=no)(-o)(PreferredAuthentications=gssapi-with-mic,gssapi-keyex,hostbased,publickey)(-o)(PasswordAuthentication=no)
<localhost> SSH: ANSIBLE_REMOTE_USER/remote_user/ansible_user/user/-u set: (-o)(User=root)
<localhost> SSH: ANSIBLE_TIMEOUT/timeout set: (-o)(ConnectTimeout=10)
<localhost> SSH: PlayContext set ssh_common_args: ()
<localhost> SSH: PlayContext set scp_extra_args: ()
<localhost> SSH: found only ControlPersist; added ControlPath: (-o)(ControlPath=/root/.ansible/cp/ansible-ssh-%h-%p-%r)
<localhost> SSH: EXEC scp -C -vvv -o ControlMaster=auto -o ControlPersist=60s -o Port=2001 -o 'IdentityFile="/root/.ssh/id_rsa"' -o KbdInteractiveAuthentication=no -o PreferredAuthentications=gssapi-with-mic,gssapi-keyex,hostbased,publickey -o PasswordAuthentication=no -o User=root -o ConnectTimeout=10 -o ControlPath=/root/.ansible/cp/ansible-ssh-%h-%p-%r /tmp/tmp4dWIzc '[localhost]:/root/.ansible/tmp/ansible-tmp-1530183936.9-187229718275007/setup'
<localhost> ESTABLISH SSH CONNECTION FOR USER: root
<localhost> SSH: ansible.cfg set ssh_args: (-o)(ControlMaster=auto)(-o)(ControlPersist=60s)
<localhost> SSH: ANSIBLE_REMOTE_PORT/remote_port/ansible_port set: (-o)(Port=2002)
<localhost> SSH: ANSIBLE_PRIVATE_KEY_FILE/private_key_file/ansible_ssh_private_key_file set: (-o)(IdentityFile="/root/.ssh/id_rsa")
<localhost> SSH: ansible_password/ansible_ssh_pass not set: (-o)(KbdInteractiveAuthentication=no)(-o)(PreferredAuthentications=gssapi-with-mic,gssapi-keyex,hostbased,publickey)(-o)(PasswordAuthentication=no)
<localhost> SSH: ANSIBLE_REMOTE_USER/remote_user/ansible_user/user/-u set: (-o)(User=root)
<localhost> SSH: ANSIBLE_TIMEOUT/timeout set: (-o)(ConnectTimeout=10)
<localhost> SSH: PlayContext set ssh_common_args: ()
<localhost> SSH: PlayContext set ssh_extra_args: ()
<localhost> SSH: found only ControlPersist; added ControlPath: (-o)(ControlPath=/root/.ansible/cp/ansible-ssh-%h-%p-%r)
<localhost> SSH: EXEC ssh -C -vvv -o ControlMaster=auto -o ControlPersist=60s -o Port=2002 -o 'IdentityFile="/root/.ssh/id_rsa"' -o KbdInteractiveAuthentication=no -o PreferredAuthentications=gssapi-with-mic,gssapi-keyex,hostbased,publickey -o PasswordAuthentication=no -o User=root -o ConnectTimeout=10 -o ControlPath=/root/.ansible/cp/ansible-ssh-%h-%p-%r -tt localhost 'LANG=en_IN LC_ALL=en_IN LC_MESSAGES=en_IN /usr/bin/python /root/.ansible/tmp/ansible-tmp-1530183936.89-104670532370372/setup; rm -rf "/root/.ansible/tmp/ansible-tmp-1530183936.89-104670532370372/" > /dev/null 2>&1'
<localhost> ESTABLISH SSH CONNECTION FOR USER: root
<localhost> SSH: ansible.cfg set ssh_args: (-o)(ControlMaster=auto)(-o)(ControlPersist=60s)
<localhost> SSH: ANSIBLE_REMOTE_PORT/remote_port/ansible_port set: (-o)(Port=2000)
<localhost> SSH: ANSIBLE_PRIVATE_KEY_FILE/private_key_file/ansible_ssh_private_key_file set: (-o)(IdentityFile="/root/.ssh/id_rsa")
<localhost> SSH: ansible_password/ansible_ssh_pass not set: (-o)(KbdInteractiveAuthentication=no)(-o)(PreferredAuthentications=gssapi-with-mic,gssapi-keyex,hostbased,publickey)(-o)(PasswordAuthentication=no)
<localhost> SSH: ANSIBLE_REMOTE_USER/remote_user/ansible_user/user/-u set: (-o)(User=root)
<localhost> SSH: ANSIBLE_TIMEOUT/timeout set: (-o)(ConnectTimeout=10)
<localhost> SSH: PlayContext set ssh_common_args: ()
<localhost> SSH: PlayContext set ssh_extra_args: ()
<localhost> SSH: found only ControlPersist; added ControlPath: (-o)(ControlPath=/root/.ansible/cp/ansible-ssh-%h-%p-%r)
<localhost> SSH: EXEC ssh -C -vvv -o ControlMaster=auto -o ControlPersist=60s -o Port=2000 -o 'IdentityFile="/root/.ssh/id_rsa"' -o KbdInteractiveAuthentication=no -o PreferredAuthentications=gssapi-with-mic,gssapi-keyex,hostbased,publickey -o PasswordAuthentication=no -o User=root -o ConnectTimeout=10 -o ControlPath=/root/.ansible/cp/ansible-ssh-%h-%p-%r -tt localhost 'LANG=en_IN LC_ALL=en_IN LC_MESSAGES=en_IN /usr/bin/python /root/.ansible/tmp/ansible-tmp-1530183936.89-205734399727172/setup; rm -rf "/root/.ansible/tmp/ansible-tmp-1530183936.89-205734399727172/" > /dev/null 2>&1'
<localhost> ESTABLISH SSH CONNECTION FOR USER: root
<localhost> SSH: ansible.cfg set ssh_args: (-o)(ControlMaster=auto)(-o)(ControlPersist=60s)
<localhost> SSH: ANSIBLE_REMOTE_PORT/remote_port/ansible_port set: (-o)(Port=2001)
<localhost> SSH: ANSIBLE_PRIVATE_KEY_FILE/private_key_file/ansible_ssh_private_key_file set: (-o)(IdentityFile="/root/.ssh/id_rsa")
<localhost> SSH: ansible_password/ansible_ssh_pass not set: (-o)(KbdInteractiveAuthentication=no)(-o)(PreferredAuthentications=gssapi-with-mic,gssapi-keyex,hostbased,publickey)(-o)(PasswordAuthentication=no)
<localhost> SSH: ANSIBLE_REMOTE_USER/remote_user/ansible_user/user/-u set: (-o)(User=root)
<localhost> SSH: ANSIBLE_TIMEOUT/timeout set: (-o)(ConnectTimeout=10)
<localhost> SSH: PlayContext set ssh_common_args: ()
<localhost> SSH: PlayContext set ssh_extra_args: ()
<localhost> SSH: found only ControlPersist; added ControlPath: (-o)(ControlPath=/root/.ansible/cp/ansible-ssh-%h-%p-%r)
<localhost> SSH: EXEC ssh -C -vvv -o ControlMaster=auto -o ControlPersist=60s -o Port=2001 -o 'IdentityFile="/root/.ssh/id_rsa"' -o KbdInteractiveAuthentication=no -o PreferredAuthentications=gssapi-with-mic,gssapi-keyex,hostbased,publickey -o PasswordAuthentication=no -o User=root -o ConnectTimeout=10 -o ControlPath=/root/.ansible/cp/ansible-ssh-%h-%p-%r -tt localhost 'LANG=en_IN LC_ALL=en_IN LC_MESSAGES=en_IN /usr/bin/python /root/.ansible/tmp/ansible-tmp-1530183936.9-187229718275007/setup; rm -rf "/root/.ansible/tmp/ansible-tmp-1530183936.9-187229718275007/" > /dev/null 2>&1'
<localhost> ESTABLISH SSH CONNECTION FOR USER: root
<localhost> SSH: ansible.cfg set ssh_args: (-o)(ControlMaster=auto)(-o)(ControlPersist=60s)
<localhost> SSH: ANSIBLE_REMOTE_PORT/remote_port/ansible_port set: (-o)(Port=2003)
<localhost> SSH: ANSIBLE_PRIVATE_KEY_FILE/private_key_file/ansible_ssh_private_key_file set: (-o)(IdentityFile="/root/.ssh/id_rsa")
<localhost> SSH: ansible_password/ansible_ssh_pass not set: (-o)(KbdInteractiveAuthentication=no)(-o)(PreferredAuthentications=gssapi-with-mic,gssapi-keyex,hostbased,publickey)(-o)(PasswordAuthentication=no)
<localhost> SSH: ANSIBLE_REMOTE_USER/remote_user/ansible_user/user/-u set: (-o)(User=root)
<localhost> SSH: ANSIBLE_TIMEOUT/timeout set: (-o)(ConnectTimeout=10)
<localhost> SSH: PlayContext set ssh_common_args: ()
<localhost> SSH: PlayContext set ssh_extra_args: ()
<localhost> SSH: found only ControlPersist; added ControlPath: (-o)(ControlPath=/root/.ansible/cp/ansible-ssh-%h-%p-%r)
<localhost> SSH: EXEC ssh -C -vvv -o ControlMaster=auto -o ControlPersist=60s -o Port=2003 -o 'IdentityFile="/root/.ssh/id_rsa"' -o KbdInteractiveAuthentication=no -o PreferredAuthentications=gssapi-with-mic,gssapi-keyex,hostbased,publickey -o PasswordAuthentication=no -o User=root -o ConnectTimeout=10 -o ControlPath=/root/.ansible/cp/ansible-ssh-%h-%p-%r -tt localhost 'LANG=en_IN LC_ALL=en_IN LC_MESSAGES=en_IN /usr/bin/python /root/.ansible/tmp/ansible-tmp-1530183936.89-134261982462064/setup; rm -rf "/root/.ansible/tmp/ansible-tmp-1530183936.89-134261982462064/" > /dev/null 2>&1'
ok: [ubuntu2]
ok: [ubuntu1]
ok: [centos1]
ok: [centos2]

TASK [Ping the remote machine] *************************************************
task path: /root/DevOps/Day3/Playbooks/ping.yml:6
<localhost> ESTABLISH SSH CONNECTION FOR USER: root
<localhost> SSH: ansible.cfg set ssh_args: (-o)(ControlMaster=auto)(-o)(ControlPersist=60s)
<localhost> SSH: ANSIBLE_REMOTE_PORT/remote_port/ansible_port set: (-o)(Port=2002)
<localhost> SSH: ANSIBLE_PRIVATE_KEY_FILE/private_key_file/ansible_ssh_private_key_file set: (-o)(IdentityFile="/root/.ssh/id_rsa")
<localhost> SSH: ansible_password/ansible_ssh_pass not set: (-o)(KbdInteractiveAuthentication=no)(-o)(PreferredAuthentications=gssapi-with-mic,gssapi-keyex,hostbased,publickey)(-o)(PasswordAuthentication=no)
<localhost> SSH: ANSIBLE_REMOTE_USER/remote_user/ansible_user/user/-u set: (-o)(User=root)
<localhost> SSH: ANSIBLE_TIMEOUT/timeout set: (-o)(ConnectTimeout=10)
<localhost> SSH: PlayContext set ssh_common_args: ()
<localhost> SSH: PlayContext set ssh_extra_args: ()
<localhost> SSH: found only ControlPersist; added ControlPath: (-o)(ControlPath=/root/.ansible/cp/ansible-ssh-%h-%p-%r)
<localhost> SSH: EXEC ssh -C -vvv -o ControlMaster=auto -o ControlPersist=60s -o Port=2002 -o 'IdentityFile="/root/.ssh/id_rsa"' -o KbdInteractiveAuthentication=no -o PreferredAuthentications=gssapi-with-mic,gssapi-keyex,hostbased,publickey -o PasswordAuthentication=no -o User=root -o ConnectTimeout=10 -o ControlPath=/root/.ansible/cp/ansible-ssh-%h-%p-%r -tt localhost 'mkdir -p "$( echo $HOME/.ansible/tmp/ansible-tmp-1530183942.04-162150128100021 )" && echo "$( echo $HOME/.ansible/tmp/ansible-tmp-1530183942.04-162150128100021 )"'
<localhost> ESTABLISH SSH CONNECTION FOR USER: root
<localhost> SSH: ansible.cfg set ssh_args: (-o)(ControlMaster=auto)(-o)(ControlPersist=60s)
<localhost> SSH: ANSIBLE_REMOTE_PORT/remote_port/ansible_port set: (-o)(Port=2000)
<localhost> SSH: ANSIBLE_PRIVATE_KEY_FILE/private_key_file/ansible_ssh_private_key_file set: (-o)(IdentityFile="/root/.ssh/id_rsa")
<localhost> SSH: ansible_password/ansible_ssh_pass not set: (-o)(KbdInteractiveAuthentication=no)(-o)(PreferredAuthentications=gssapi-with-mic,gssapi-keyex,hostbased,publickey)(-o)(PasswordAuthentication=no)
<localhost> SSH: ANSIBLE_REMOTE_USER/remote_user/ansible_user/user/-u set: (-o)(User=root)
<localhost> SSH: ANSIBLE_TIMEOUT/timeout set: (-o)(ConnectTimeout=10)
<localhost> SSH: PlayContext set ssh_common_args: ()
<localhost> SSH: PlayContext set ssh_extra_args: ()
<localhost> SSH: found only ControlPersist; added ControlPath: (-o)(ControlPath=/root/.ansible/cp/ansible-ssh-%h-%p-%r)
<localhost> SSH: EXEC ssh -C -vvv -o ControlMaster=auto -o ControlPersist=60s -o Port=2000 -o 'IdentityFile="/root/.ssh/id_rsa"' -o KbdInteractiveAuthentication=no -o PreferredAuthentications=gssapi-with-mic,gssapi-keyex,hostbased,publickey -o PasswordAuthentication=no -o User=root -o ConnectTimeout=10 -o ControlPath=/root/.ansible/cp/ansible-ssh-%h-%p-%r -tt localhost 'mkdir -p "$( echo $HOME/.ansible/tmp/ansible-tmp-1530183942.04-175896794050650 )" && echo "$( echo $HOME/.ansible/tmp/ansible-tmp-1530183942.04-175896794050650 )"'
<localhost> ESTABLISH SSH CONNECTION FOR USER: root
<localhost> SSH: ansible.cfg set ssh_args: (-o)(ControlMaster=auto)(-o)(ControlPersist=60s)
<localhost> ESTABLISH SSH CONNECTION FOR USER: root
<localhost> SSH: ANSIBLE_REMOTE_PORT/remote_port/ansible_port set: (-o)(Port=2001)
<localhost> SSH: ANSIBLE_PRIVATE_KEY_FILE/private_key_file/ansible_ssh_private_key_file set: (-o)(IdentityFile="/root/.ssh/id_rsa")
<localhost> SSH: ansible_password/ansible_ssh_pass not set: (-o)(KbdInteractiveAuthentication=no)(-o)(PreferredAuthentications=gssapi-with-mic,gssapi-keyex,hostbased,publickey)(-o)(PasswordAuthentication=no)
<localhost> SSH: ANSIBLE_REMOTE_USER/remote_user/ansible_user/user/-u set: (-o)(User=root)
<localhost> SSH: ansible.cfg set ssh_args: (-o)(ControlMaster=auto)(-o)(ControlPersist=60s)
<localhost> SSH: ANSIBLE_TIMEOUT/timeout set: (-o)(ConnectTimeout=10)
<localhost> SSH: ANSIBLE_REMOTE_PORT/remote_port/ansible_port set: (-o)(Port=2003)
<localhost> SSH: PlayContext set ssh_common_args: ()
<localhost> SSH: ANSIBLE_PRIVATE_KEY_FILE/private_key_file/ansible_ssh_private_key_file set: (-o)(IdentityFile="/root/.ssh/id_rsa")
<localhost> SSH: PlayContext set ssh_extra_args: ()
<localhost> SSH: ansible_password/ansible_ssh_pass not set: (-o)(KbdInteractiveAuthentication=no)(-o)(PreferredAuthentications=gssapi-with-mic,gssapi-keyex,hostbased,publickey)(-o)(PasswordAuthentication=no)
<localhost> SSH: ANSIBLE_REMOTE_USER/remote_user/ansible_user/user/-u set: (-o)(User=root)
<localhost> SSH: ANSIBLE_TIMEOUT/timeout set: (-o)(ConnectTimeout=10)
<localhost> SSH: PlayContext set ssh_common_args: ()
<localhost> SSH: PlayContext set ssh_extra_args: ()
<localhost> SSH: found only ControlPersist; added ControlPath: (-o)(ControlPath=/root/.ansible/cp/ansible-ssh-%h-%p-%r)
<localhost> SSH: EXEC ssh -C -vvv -o ControlMaster=auto -o ControlPersist=60s -o Port=2001 -o 'IdentityFile="/root/.ssh/id_rsa"' -o KbdInteractiveAuthentication=no -o PreferredAuthentications=gssapi-with-mic,gssapi-keyex,hostbased,publickey -o PasswordAuthentication=no -o User=root -o ConnectTimeout=10 -o ControlPath=/root/.ansible/cp/ansible-ssh-%h-%p-%r -tt localhost 'mkdir -p "$( echo $HOME/.ansible/tmp/ansible-tmp-1530183942.04-237930096429797 )" && echo "$( echo $HOME/.ansible/tmp/ansible-tmp-1530183942.04-237930096429797 )"'
<localhost> SSH: found only ControlPersist; added ControlPath: (-o)(ControlPath=/root/.ansible/cp/ansible-ssh-%h-%p-%r)
<localhost> SSH: EXEC ssh -C -vvv -o ControlMaster=auto -o ControlPersist=60s -o Port=2003 -o 'IdentityFile="/root/.ssh/id_rsa"' -o KbdInteractiveAuthentication=no -o PreferredAuthentications=gssapi-with-mic,gssapi-keyex,hostbased,publickey -o PasswordAuthentication=no -o User=root -o ConnectTimeout=10 -o ControlPath=/root/.ansible/cp/ansible-ssh-%h-%p-%r -tt localhost 'mkdir -p "$( echo $HOME/.ansible/tmp/ansible-tmp-1530183942.04-55770786483359 )" && echo "$( echo $HOME/.ansible/tmp/ansible-tmp-1530183942.04-55770786483359 )"'
<localhost> PUT /tmp/tmpn5zY57 TO /root/.ansible/tmp/ansible-tmp-1530183942.04-175896794050650/ping
<localhost> SSH: ansible.cfg set ssh_args: (-o)(ControlMaster=auto)(-o)(ControlPersist=60s)
<localhost> SSH: ANSIBLE_REMOTE_PORT/remote_port/ansible_port set: (-o)(Port=2000)
<localhost> SSH: ANSIBLE_PRIVATE_KEY_FILE/private_key_file/ansible_ssh_private_key_file set: (-o)(IdentityFile="/root/.ssh/id_rsa")
<localhost> SSH: ansible_password/ansible_ssh_pass not set: (-o)(KbdInteractiveAuthentication=no)(-o)(PreferredAuthentications=gssapi-with-mic,gssapi-keyex,hostbased,publickey)(-o)(PasswordAuthentication=no)
<localhost> SSH: ANSIBLE_REMOTE_USER/remote_user/ansible_user/user/-u set: (-o)(User=root)
<localhost> SSH: ANSIBLE_TIMEOUT/timeout set: (-o)(ConnectTimeout=10)
<localhost> SSH: PlayContext set ssh_common_args: ()
<localhost> SSH: PlayContext set scp_extra_args: ()
<localhost> SSH: found only ControlPersist; added ControlPath: (-o)(ControlPath=/root/.ansible/cp/ansible-ssh-%h-%p-%r)
<localhost> SSH: EXEC scp -C -vvv -o ControlMaster=auto -o ControlPersist=60s -o Port=2000 -o 'IdentityFile="/root/.ssh/id_rsa"' -o KbdInteractiveAuthentication=no -o PreferredAuthentications=gssapi-with-mic,gssapi-keyex,hostbased,publickey -o PasswordAuthentication=no -o User=root -o ConnectTimeout=10 -o ControlPath=/root/.ansible/cp/ansible-ssh-%h-%p-%r /tmp/tmpn5zY57 '[localhost]:/root/.ansible/tmp/ansible-tmp-1530183942.04-175896794050650/ping'
<localhost> PUT /tmp/tmp0jaT99 TO /root/.ansible/tmp/ansible-tmp-1530183942.04-162150128100021/ping
<localhost> SSH: ansible.cfg set ssh_args: (-o)(ControlMaster=auto)(-o)(ControlPersist=60s)
<localhost> SSH: ANSIBLE_REMOTE_PORT/remote_port/ansible_port set: (-o)(Port=2002)
<localhost> SSH: ANSIBLE_PRIVATE_KEY_FILE/private_key_file/ansible_ssh_private_key_file set: (-o)(IdentityFile="/root/.ssh/id_rsa")
<localhost> SSH: ansible_password/ansible_ssh_pass not set: (-o)(KbdInteractiveAuthentication=no)(-o)(PreferredAuthentications=gssapi-with-mic,gssapi-keyex,hostbased,publickey)(-o)(PasswordAuthentication=no)
<localhost> SSH: ANSIBLE_REMOTE_USER/remote_user/ansible_user/user/-u set: (-o)(User=root)
<localhost> SSH: ANSIBLE_TIMEOUT/timeout set: (-o)(ConnectTimeout=10)
<localhost> SSH: PlayContext set ssh_common_args: ()
<localhost> SSH: PlayContext set scp_extra_args: ()
<localhost> SSH: found only ControlPersist; added ControlPath: (-o)(ControlPath=/root/.ansible/cp/ansible-ssh-%h-%p-%r)
<localhost> SSH: EXEC scp -C -vvv -o ControlMaster=auto -o ControlPersist=60s -o Port=2002 -o 'IdentityFile="/root/.ssh/id_rsa"' -o KbdInteractiveAuthentication=no -o PreferredAuthentications=gssapi-with-mic,gssapi-keyex,hostbased,publickey -o PasswordAuthentication=no -o User=root -o ConnectTimeout=10 -o ControlPath=/root/.ansible/cp/ansible-ssh-%h-%p-%r /tmp/tmp0jaT99 '[localhost]:/root/.ansible/tmp/ansible-tmp-1530183942.04-162150128100021/ping'
<localhost> PUT /tmp/tmpOpkjJ_ TO /root/.ansible/tmp/ansible-tmp-1530183942.04-237930096429797/ping
<localhost> SSH: ansible.cfg set ssh_args: (-o)(ControlMaster=auto)(-o)(ControlPersist=60s)
<localhost> SSH: ANSIBLE_REMOTE_PORT/remote_port/ansible_port set: (-o)(Port=2001)
<localhost> SSH: ANSIBLE_PRIVATE_KEY_FILE/private_key_file/ansible_ssh_private_key_file set: (-o)(IdentityFile="/root/.ssh/id_rsa")
<localhost> SSH: ansible_password/ansible_ssh_pass not set: (-o)(KbdInteractiveAuthentication=no)(-o)(PreferredAuthentications=gssapi-with-mic,gssapi-keyex,hostbased,publickey)(-o)(PasswordAuthentication=no)
<localhost> PUT /tmp/tmp3HR2uy TO /root/.ansible/tmp/ansible-tmp-1530183942.04-55770786483359/ping
<localhost> SSH: ANSIBLE_REMOTE_USER/remote_user/ansible_user/user/-u set: (-o)(User=root)
<localhost> SSH: ANSIBLE_TIMEOUT/timeout set: (-o)(ConnectTimeout=10)
<localhost> SSH: PlayContext set ssh_common_args: ()
<localhost> SSH: PlayContext set scp_extra_args: ()
<localhost> SSH: ansible.cfg set ssh_args: (-o)(ControlMaster=auto)(-o)(ControlPersist=60s)
<localhost> SSH: ANSIBLE_REMOTE_PORT/remote_port/ansible_port set: (-o)(Port=2003)
<localhost> SSH: found only ControlPersist; added ControlPath: (-o)(ControlPath=/root/.ansible/cp/ansible-ssh-%h-%p-%r)
<localhost> SSH: ANSIBLE_PRIVATE_KEY_FILE/private_key_file/ansible_ssh_private_key_file set: (-o)(IdentityFile="/root/.ssh/id_rsa")
<localhost> SSH: ansible_password/ansible_ssh_pass not set: (-o)(KbdInteractiveAuthentication=no)(-o)(PreferredAuthentications=gssapi-with-mic,gssapi-keyex,hostbased,publickey)(-o)(PasswordAuthentication=no)
<localhost> SSH: ANSIBLE_REMOTE_USER/remote_user/ansible_user/user/-u set: (-o)(User=root)
<localhost> SSH: EXEC scp -C -vvv -o ControlMaster=auto -o ControlPersist=60s -o Port=2001 -o 'IdentityFile="/root/.ssh/id_rsa"' -o KbdInteractiveAuthentication=no -o PreferredAuthentications=gssapi-with-mic,gssapi-keyex,hostbased,publickey -o PasswordAuthentication=no -o User=root -o ConnectTimeout=10 -o ControlPath=/root/.ansible/cp/ansible-ssh-%h-%p-%r /tmp/tmpOpkjJ_ '[localhost]:/root/.ansible/tmp/ansible-tmp-1530183942.04-237930096429797/ping'
<localhost> SSH: ANSIBLE_TIMEOUT/timeout set: (-o)(ConnectTimeout=10)
<localhost> SSH: PlayContext set ssh_common_args: ()
<localhost> SSH: PlayContext set scp_extra_args: ()
<localhost> SSH: found only ControlPersist; added ControlPath: (-o)(ControlPath=/root/.ansible/cp/ansible-ssh-%h-%p-%r)
<localhost> SSH: EXEC scp -C -vvv -o ControlMaster=auto -o ControlPersist=60s -o Port=2003 -o 'IdentityFile="/root/.ssh/id_rsa"' -o KbdInteractiveAuthentication=no -o PreferredAuthentications=gssapi-with-mic,gssapi-keyex,hostbased,publickey -o PasswordAuthentication=no -o User=root -o ConnectTimeout=10 -o ControlPath=/root/.ansible/cp/ansible-ssh-%h-%p-%r /tmp/tmp3HR2uy '[localhost]:/root/.ansible/tmp/ansible-tmp-1530183942.04-55770786483359/ping'
<localhost> ESTABLISH SSH CONNECTION FOR USER: root
<localhost> SSH: ansible.cfg set ssh_args: (-o)(ControlMaster=auto)(-o)(ControlPersist=60s)
<localhost> SSH: ANSIBLE_REMOTE_PORT/remote_port/ansible_port set: (-o)(Port=2000)
<localhost> SSH: ANSIBLE_PRIVATE_KEY_FILE/private_key_file/ansible_ssh_private_key_file set: (-o)(IdentityFile="/root/.ssh/id_rsa")
<localhost> SSH: ansible_password/ansible_ssh_pass not set: (-o)(KbdInteractiveAuthentication=no)(-o)(PreferredAuthentications=gssapi-with-mic,gssapi-keyex,hostbased,publickey)(-o)(PasswordAuthentication=no)
<localhost> SSH: ANSIBLE_REMOTE_USER/remote_user/ansible_user/user/-u set: (-o)(User=root)
<localhost> SSH: ANSIBLE_TIMEOUT/timeout set: (-o)(ConnectTimeout=10)
<localhost> SSH: PlayContext set ssh_common_args: ()
<localhost> SSH: PlayContext set ssh_extra_args: ()
<localhost> SSH: found only ControlPersist; added ControlPath: (-o)(ControlPath=/root/.ansible/cp/ansible-ssh-%h-%p-%r)
<localhost> SSH: EXEC ssh -C -vvv -o ControlMaster=auto -o ControlPersist=60s -o Port=2000 -o 'IdentityFile="/root/.ssh/id_rsa"' -o KbdInteractiveAuthentication=no -o PreferredAuthentications=gssapi-with-mic,gssapi-keyex,hostbased,publickey -o PasswordAuthentication=no -o User=root -o ConnectTimeout=10 -o ControlPath=/root/.ansible/cp/ansible-ssh-%h-%p-%r -tt localhost 'LANG=en_IN LC_ALL=en_IN LC_MESSAGES=en_IN /usr/bin/python /root/.ansible/tmp/ansible-tmp-1530183942.04-175896794050650/ping; rm -rf "/root/.ansible/tmp/ansible-tmp-1530183942.04-175896794050650/" > /dev/null 2>&1'
<localhost> ESTABLISH SSH CONNECTION FOR USER: root
<localhost> SSH: ansible.cfg set ssh_args: (-o)(ControlMaster=auto)(-o)(ControlPersist=60s)
<localhost> SSH: ANSIBLE_REMOTE_PORT/remote_port/ansible_port set: (-o)(Port=2002)
<localhost> SSH: ANSIBLE_PRIVATE_KEY_FILE/private_key_file/ansible_ssh_private_key_file set: (-o)(IdentityFile="/root/.ssh/id_rsa")
<localhost> SSH: ansible_password/ansible_ssh_pass not set: (-o)(KbdInteractiveAuthentication=no)(-o)(PreferredAuthentications=gssapi-with-mic,gssapi-keyex,hostbased,publickey)(-o)(PasswordAuthentication=no)
<localhost> SSH: ANSIBLE_REMOTE_USER/remote_user/ansible_user/user/-u set: (-o)(User=root)
<localhost> SSH: ANSIBLE_TIMEOUT/timeout set: (-o)(ConnectTimeout=10)
<localhost> SSH: PlayContext set ssh_common_args: ()
<localhost> SSH: PlayContext set ssh_extra_args: ()
<localhost> SSH: found only ControlPersist; added ControlPath: (-o)(ControlPath=/root/.ansible/cp/ansible-ssh-%h-%p-%r)
<localhost> SSH: EXEC ssh -C -vvv -o ControlMaster=auto -o ControlPersist=60s -o Port=2002 -o 'IdentityFile="/root/.ssh/id_rsa"' -o KbdInteractiveAuthentication=no -o PreferredAuthentications=gssapi-with-mic,gssapi-keyex,hostbased,publickey -o PasswordAuthentication=no -o User=root -o ConnectTimeout=10 -o ControlPath=/root/.ansible/cp/ansible-ssh-%h-%p-%r -tt localhost 'LANG=en_IN LC_ALL=en_IN LC_MESSAGES=en_IN /usr/bin/python /root/.ansible/tmp/ansible-tmp-1530183942.04-162150128100021/ping; rm -rf "/root/.ansible/tmp/ansible-tmp-1530183942.04-162150128100021/" > /dev/null 2>&1'
<localhost> ESTABLISH SSH CONNECTION FOR USER: root
<localhost> SSH: ansible.cfg set ssh_args: (-o)(ControlMaster=auto)(-o)(ControlPersist=60s)
<localhost> SSH: ANSIBLE_REMOTE_PORT/remote_port/ansible_port set: (-o)(Port=2003)
<localhost> SSH: ANSIBLE_PRIVATE_KEY_FILE/private_key_file/ansible_ssh_private_key_file set: (-o)(IdentityFile="/root/.ssh/id_rsa")
<localhost> SSH: ansible_password/ansible_ssh_pass not set: (-o)(KbdInteractiveAuthentication=no)(-o)(PreferredAuthentications=gssapi-with-mic,gssapi-keyex,hostbased,publickey)(-o)(PasswordAuthentication=no)
<localhost> SSH: ANSIBLE_REMOTE_USER/remote_user/ansible_user/user/-u set: (-o)(User=root)
<localhost> SSH: ANSIBLE_TIMEOUT/timeout set: (-o)(ConnectTimeout=10)
<localhost> SSH: PlayContext set ssh_common_args: ()
<localhost> SSH: PlayContext set ssh_extra_args: ()
<localhost> SSH: found only ControlPersist; added ControlPath: (-o)(ControlPath=/root/.ansible/cp/ansible-ssh-%h-%p-%r)
<localhost> ESTABLISH SSH CONNECTION FOR USER: root
<localhost> SSH: EXEC ssh -C -vvv -o ControlMaster=auto -o ControlPersist=60s -o Port=2003 -o 'IdentityFile="/root/.ssh/id_rsa"' -o KbdInteractiveAuthentication=no -o PreferredAuthentications=gssapi-with-mic,gssapi-keyex,hostbased,publickey -o PasswordAuthentication=no -o User=root -o ConnectTimeout=10 -o ControlPath=/root/.ansible/cp/ansible-ssh-%h-%p-%r -tt localhost 'LANG=en_IN LC_ALL=en_IN LC_MESSAGES=en_IN /usr/bin/python /root/.ansible/tmp/ansible-tmp-1530183942.04-55770786483359/ping; rm -rf "/root/.ansible/tmp/ansible-tmp-1530183942.04-55770786483359/" > /dev/null 2>&1'
<localhost> SSH: ansible.cfg set ssh_args: (-o)(ControlMaster=auto)(-o)(ControlPersist=60s)
<localhost> SSH: ANSIBLE_REMOTE_PORT/remote_port/ansible_port set: (-o)(Port=2001)
<localhost> SSH: ANSIBLE_PRIVATE_KEY_FILE/private_key_file/ansible_ssh_private_key_file set: (-o)(IdentityFile="/root/.ssh/id_rsa")
<localhost> SSH: ansible_password/ansible_ssh_pass not set: (-o)(KbdInteractiveAuthentication=no)(-o)(PreferredAuthentications=gssapi-with-mic,gssapi-keyex,hostbased,publickey)(-o)(PasswordAuthentication=no)
<localhost> SSH: ANSIBLE_REMOTE_USER/remote_user/ansible_user/user/-u set: (-o)(User=root)
<localhost> SSH: ANSIBLE_TIMEOUT/timeout set: (-o)(ConnectTimeout=10)
<localhost> SSH: PlayContext set ssh_common_args: ()
<localhost> SSH: PlayContext set ssh_extra_args: ()
<localhost> SSH: found only ControlPersist; added ControlPath: (-o)(ControlPath=/root/.ansible/cp/ansible-ssh-%h-%p-%r)
<localhost> SSH: EXEC ssh -C -vvv -o ControlMaster=auto -o ControlPersist=60s -o Port=2001 -o 'IdentityFile="/root/.ssh/id_rsa"' -o KbdInteractiveAuthentication=no -o PreferredAuthentications=gssapi-with-mic,gssapi-keyex,hostbased,publickey -o PasswordAuthentication=no -o User=root -o ConnectTimeout=10 -o ControlPath=/root/.ansible/cp/ansible-ssh-%h-%p-%r -tt localhost 'LANG=en_IN LC_ALL=en_IN LC_MESSAGES=en_IN /usr/bin/python /root/.ansible/tmp/ansible-tmp-1530183942.04-237930096429797/ping; rm -rf "/root/.ansible/tmp/ansible-tmp-1530183942.04-237930096429797/" > /dev/null 2>&1'
ok: [ubuntu1] => {"changed": false, "invocation": {"module_args": {"data": null}, "module_name": "ping"}, "ping": "pong"}
ok: [ubuntu2] => {"changed": false, "invocation": {"module_args": {"data": null}, "module_name": "ping"}, "ping": "pong"}
ok: [centos1] => {"changed": false, "invocation": {"module_args": {"data": null}, "module_name": "ping"}, "ping": "pong"}
ok: [centos2] => {"changed": false, "invocation": {"module_args": {"data": null}, "module_name": "ping"}, "ping": "pong"}

PLAY RECAP *********************************************************************
centos1                    : ok=2    changed=0    unreachable=0    failed=0   
centos2                    : ok=2    changed=0    unreachable=0    failed=0   
ubuntu1                    : ok=2    changed=0    unreachable=0    failed=0   
ubuntu2                    : ok=2    changed=0    unreachable=0    failed=0   

