Using /etc/ansible/ansible.cfg as config file
Loaded callback minimal of type stdout, v2.0
<localhost> ESTABLISH SSH CONNECTION FOR USER: root
<localhost> SSH: ansible.cfg set ssh_args: (-o)(ControlMaster=auto)(-o)(ControlPersist=60s)
<localhost> SSH: ANSIBLE_REMOTE_PORT/remote_port/ansible_port set: (-o)(Port=2000)
<localhost> SSH: ANSIBLE_PRIVATE_KEY_FILE/private_key_file/ansible_ssh_private_key_file set: (-o)(IdentityFile="/root/.ssh/id_rsa")
<localhost> SSH: ansible_password/ansible_ssh_pass not set: (-o)(KbdInteractiveAuthentication=no)(-o)(PreferredAuthentications=gssapi-with-mic,gssapi-keyex,hostbased,publickey)(-o)(PasswordAuthentication=no)
<localhost> SSH: ANSIBLE_REMOTE_USER/remote_user/ansible_user/user/-u set: (-o)(User=root)
<localhost> SSH: ANSIBLE_TIMEOUT/timeout set: (-o)(ConnectTimeout=10)
<localhost> SSH: PlayContext set ssh_common_args: ()
<localhost> SSH: PlayContext set ssh_extra_args: ()
<localhost> SSH: found only ControlPersist; added ControlPath: (-o)(ControlPath=/root/.ansible/cp/ansible-ssh-%h-%p-%r)
<localhost> SSH: EXEC ssh -C -vvv -o ControlMaster=auto -o ControlPersist=60s -o Port=2000 -o 'IdentityFile="/root/.ssh/id_rsa"' -o KbdInteractiveAuthentication=no -o PreferredAuthentications=gssapi-with-mic,gssapi-keyex,hostbased,publickey -o PasswordAuthentication=no -o User=root -o ConnectTimeout=10 -o ControlPath=/root/.ansible/cp/ansible-ssh-%h-%p-%r -tt localhost 'mkdir -p "$( echo $HOME/.ansible/tmp/ansible-tmp-1530079240.17-154457290620759 )" && echo "$( echo $HOME/.ansible/tmp/ansible-tmp-1530079240.17-154457290620759 )"'
<localhost> ESTABLISH SSH CONNECTION FOR USER: root
<localhost> SSH: ansible.cfg set ssh_args: (-o)(ControlMaster=auto)(-o)(ControlPersist=60s)
<localhost> SSH: ANSIBLE_REMOTE_PORT/remote_port/ansible_port set: (-o)(Port=2001)
<localhost> SSH: ANSIBLE_PRIVATE_KEY_FILE/private_key_file/ansible_ssh_private_key_file set: (-o)(IdentityFile="/root/.ssh/id_rsa")
<localhost> SSH: ansible_password/ansible_ssh_pass not set: (-o)(KbdInteractiveAuthentication=no)(-o)(PreferredAuthentications=gssapi-with-mic,gssapi-keyex,hostbased,publickey)(-o)(PasswordAuthentication=no)
<localhost> SSH: ANSIBLE_REMOTE_USER/remote_user/ansible_user/user/-u set: (-o)(User=root)
<localhost> SSH: ANSIBLE_TIMEOUT/timeout set: (-o)(ConnectTimeout=10)
<localhost> SSH: PlayContext set ssh_common_args: ()
<localhost> SSH: PlayContext set ssh_extra_args: ()
<localhost> SSH: found only ControlPersist; added ControlPath: (-o)(ControlPath=/root/.ansible/cp/ansible-ssh-%h-%p-%r)
<localhost> SSH: EXEC ssh -C -vvv -o ControlMaster=auto -o ControlPersist=60s -o Port=2001 -o 'IdentityFile="/root/.ssh/id_rsa"' -o KbdInteractiveAuthentication=no -o PreferredAuthentications=gssapi-with-mic,gssapi-keyex,hostbased,publickey -o PasswordAuthentication=no -o User=root -o ConnectTimeout=10 -o ControlPath=/root/.ansible/cp/ansible-ssh-%h-%p-%r -tt localhost 'mkdir -p "$( echo $HOME/.ansible/tmp/ansible-tmp-1530079240.17-269149868045285 )" && echo "$( echo $HOME/.ansible/tmp/ansible-tmp-1530079240.17-269149868045285 )"'
<localhost> PUT /tmp/tmpttJGN7 TO /root/.ansible/tmp/ansible-tmp-1530079240.17-154457290620759/ping
<localhost> SSH: ansible.cfg set ssh_args: (-o)(ControlMaster=auto)(-o)(ControlPersist=60s)
<localhost> SSH: ANSIBLE_REMOTE_PORT/remote_port/ansible_port set: (-o)(Port=2000)
<localhost> SSH: ANSIBLE_PRIVATE_KEY_FILE/private_key_file/ansible_ssh_private_key_file set: (-o)(IdentityFile="/root/.ssh/id_rsa")
<localhost> SSH: ansible_password/ansible_ssh_pass not set: (-o)(KbdInteractiveAuthentication=no)(-o)(PreferredAuthentications=gssapi-with-mic,gssapi-keyex,hostbased,publickey)(-o)(PasswordAuthentication=no)
<localhost> SSH: ANSIBLE_REMOTE_USER/remote_user/ansible_user/user/-u set: (-o)(User=root)
<localhost> SSH: ANSIBLE_TIMEOUT/timeout set: (-o)(ConnectTimeout=10)
<localhost> SSH: PlayContext set ssh_common_args: ()
<localhost> SSH: PlayContext set sftp_extra_args: ()
<localhost> SSH: found only ControlPersist; added ControlPath: (-o)(ControlPath=/root/.ansible/cp/ansible-ssh-%h-%p-%r)
<localhost> SSH: EXEC sftp -b - -C -vvv -o ControlMaster=auto -o ControlPersist=60s -o Port=2000 -o 'IdentityFile="/root/.ssh/id_rsa"' -o KbdInteractiveAuthentication=no -o PreferredAuthentications=gssapi-with-mic,gssapi-keyex,hostbased,publickey -o PasswordAuthentication=no -o User=root -o ConnectTimeout=10 -o ControlPath=/root/.ansible/cp/ansible-ssh-%h-%p-%r '[localhost]'
<localhost> ESTABLISH SSH CONNECTION FOR USER: root
<localhost> SSH: ansible.cfg set ssh_args: (-o)(ControlMaster=auto)(-o)(ControlPersist=60s)
<localhost> SSH: ANSIBLE_REMOTE_PORT/remote_port/ansible_port set: (-o)(Port=2000)
<localhost> SSH: ANSIBLE_PRIVATE_KEY_FILE/private_key_file/ansible_ssh_private_key_file set: (-o)(IdentityFile="/root/.ssh/id_rsa")
<localhost> SSH: ansible_password/ansible_ssh_pass not set: (-o)(KbdInteractiveAuthentication=no)(-o)(PreferredAuthentications=gssapi-with-mic,gssapi-keyex,hostbased,publickey)(-o)(PasswordAuthentication=no)
<localhost> SSH: ANSIBLE_REMOTE_USER/remote_user/ansible_user/user/-u set: (-o)(User=root)
<localhost> SSH: ANSIBLE_TIMEOUT/timeout set: (-o)(ConnectTimeout=10)
<localhost> SSH: PlayContext set ssh_common_args: ()
<localhost> SSH: PlayContext set ssh_extra_args: ()
<localhost> SSH: found only ControlPersist; added ControlPath: (-o)(ControlPath=/root/.ansible/cp/ansible-ssh-%h-%p-%r)
<localhost> SSH: EXEC ssh -C -vvv -o ControlMaster=auto -o ControlPersist=60s -o Port=2000 -o 'IdentityFile="/root/.ssh/id_rsa"' -o KbdInteractiveAuthentication=no -o PreferredAuthentications=gssapi-with-mic,gssapi-keyex,hostbased,publickey -o PasswordAuthentication=no -o User=root -o ConnectTimeout=10 -o ControlPath=/root/.ansible/cp/ansible-ssh-%h-%p-%r -tt localhost 'LANG=en_IN LC_ALL=en_IN LC_MESSAGES=en_IN /usr/bin/python /root/.ansible/tmp/ansible-tmp-1530079240.17-154457290620759/ping; rm -rf "/root/.ansible/tmp/ansible-tmp-1530079240.17-154457290620759/" > /dev/null 2>&1'
ubuntu1 | SUCCESS => {
    "changed": false, 
    "invocation": {
        "module_args": {
            "data": null
        }, 
        "module_name": "ping"
    }, 
    "ping": "pong"
}
<localhost> PUT /tmp/tmpyqc3MZ TO /root/.ansible/tmp/ansible-tmp-1530079240.17-269149868045285/ping
<localhost> SSH: ansible.cfg set ssh_args: (-o)(ControlMaster=auto)(-o)(ControlPersist=60s)
<localhost> SSH: ANSIBLE_REMOTE_PORT/remote_port/ansible_port set: (-o)(Port=2001)
<localhost> SSH: ANSIBLE_PRIVATE_KEY_FILE/private_key_file/ansible_ssh_private_key_file set: (-o)(IdentityFile="/root/.ssh/id_rsa")
<localhost> SSH: ansible_password/ansible_ssh_pass not set: (-o)(KbdInteractiveAuthentication=no)(-o)(PreferredAuthentications=gssapi-with-mic,gssapi-keyex,hostbased,publickey)(-o)(PasswordAuthentication=no)
<localhost> SSH: ANSIBLE_REMOTE_USER/remote_user/ansible_user/user/-u set: (-o)(User=root)
<localhost> SSH: ANSIBLE_TIMEOUT/timeout set: (-o)(ConnectTimeout=10)
<localhost> SSH: PlayContext set ssh_common_args: ()
<localhost> SSH: PlayContext set sftp_extra_args: ()
<localhost> SSH: found only ControlPersist; added ControlPath: (-o)(ControlPath=/root/.ansible/cp/ansible-ssh-%h-%p-%r)
<localhost> SSH: EXEC sftp -b - -C -vvv -o ControlMaster=auto -o ControlPersist=60s -o Port=2001 -o 'IdentityFile="/root/.ssh/id_rsa"' -o KbdInteractiveAuthentication=no -o PreferredAuthentications=gssapi-with-mic,gssapi-keyex,hostbased,publickey -o PasswordAuthentication=no -o User=root -o ConnectTimeout=10 -o ControlPath=/root/.ansible/cp/ansible-ssh-%h-%p-%r '[localhost]'
<localhost> ESTABLISH SSH CONNECTION FOR USER: root
<localhost> SSH: ansible.cfg set ssh_args: (-o)(ControlMaster=auto)(-o)(ControlPersist=60s)
<localhost> SSH: ANSIBLE_REMOTE_PORT/remote_port/ansible_port set: (-o)(Port=2001)
<localhost> SSH: ANSIBLE_PRIVATE_KEY_FILE/private_key_file/ansible_ssh_private_key_file set: (-o)(IdentityFile="/root/.ssh/id_rsa")
<localhost> SSH: ansible_password/ansible_ssh_pass not set: (-o)(KbdInteractiveAuthentication=no)(-o)(PreferredAuthentications=gssapi-with-mic,gssapi-keyex,hostbased,publickey)(-o)(PasswordAuthentication=no)
<localhost> SSH: ANSIBLE_REMOTE_USER/remote_user/ansible_user/user/-u set: (-o)(User=root)
<localhost> SSH: ANSIBLE_TIMEOUT/timeout set: (-o)(ConnectTimeout=10)
<localhost> SSH: PlayContext set ssh_common_args: ()
<localhost> SSH: PlayContext set ssh_extra_args: ()
<localhost> SSH: found only ControlPersist; added ControlPath: (-o)(ControlPath=/root/.ansible/cp/ansible-ssh-%h-%p-%r)
<localhost> SSH: EXEC ssh -C -vvv -o ControlMaster=auto -o ControlPersist=60s -o Port=2001 -o 'IdentityFile="/root/.ssh/id_rsa"' -o KbdInteractiveAuthentication=no -o PreferredAuthentications=gssapi-with-mic,gssapi-keyex,hostbased,publickey -o PasswordAuthentication=no -o User=root -o ConnectTimeout=10 -o ControlPath=/root/.ansible/cp/ansible-ssh-%h-%p-%r -tt localhost 'LANG=en_IN LC_ALL=en_IN LC_MESSAGES=en_IN /usr/bin/python /root/.ansible/tmp/ansible-tmp-1530079240.17-269149868045285/ping; rm -rf "/root/.ansible/tmp/ansible-tmp-1530079240.17-269149868045285/" > /dev/null 2>&1'
ubuntu2 | SUCCESS => {
    "changed": false, 
    "invocation": {
        "module_args": {
            "data": null
        }, 
        "module_name": "ping"
    }, 
    "ping": "pong"
}
